This file contains any messages produced by compilers while
running configure, to aid debugging if configure makes a mistake.

It was created by gtk+ configure 3.22.18, which was
generated by GNU Autoconf 2.69.  Invocation command line was

  $ ./configure --prefix=/Users/ldenblyd/Documents/42/rt/gtk/lib/gtk+-3.22.18

## --------- ##
## Platform. ##
## --------- ##

hostname = e1r6p6.42.fr
uname -m = x86_64
uname -r = 15.6.0
uname -s = Darwin
uname -v = Darwin Kernel Version 15.6.0: Tue Apr 11 16:00:51 PDT 2017; root:xnu-3248.60.11.5.3~1/RELEASE_X86_64

/usr/bin/uname -p = i386
/bin/uname -X     = unknown

/bin/arch              = unknown
/usr/bin/arch -k       = unknown
/usr/convex/getsysinfo = unknown
/usr/bin/hostinfo      = Mach kernel version:
	 Darwin Kernel Version 15.6.0: Tue Apr 11 16:00:51 PDT 2017; root:xnu-3248.60.11.5.3~1/RELEASE_X86_64
Kernel configured for up to 4 processors.
4 processors are physically available.
4 processors are logically available.
Processor type: i486 (Intel 80486)
Processors active: 0 1 2 3
Primary memory available: 8.00 gigabytes
Default processor set: 261 tasks, 1368 threads, 4 processors
Load average: 2.02, Mach factor: 2.08
/bin/machine           = unknown
/usr/bin/oslevel       = unknown
/bin/universe          = unknown

PATH: /Users/ldenblyd/.brew/bin
PATH: /usr/bin
PATH: /bin
PATH: /usr/sbin
PATH: /sbin
PATH: /usr/local/bin
PATH: /usr/local/munki


## ----------- ##
## Core tests. ##
## ----------- ##

configure:3183: checking build system type
configure:3197: result: x86_64-apple-darwin15.6.0
configure:3217: checking host system type
configure:3230: result: x86_64-apple-darwin15.6.0
configure:3314: checking for a BSD-compatible install
configure:3382: result: /usr/bin/install -c
configure:3393: checking whether build environment is sane
configure:3448: result: yes
configure:3599: checking for a thread-safe mkdir -p
configure:3638: result: build-aux/install-sh -c -d
configure:3645: checking for gawk
configure:3675: result: no
configure:3645: checking for mawk
configure:3675: result: no
configure:3645: checking for nawk
configure:3675: result: no
configure:3645: checking for awk
configure:3661: found /usr/bin/awk
configure:3672: result: awk
configure:3683: checking whether make sets $(MAKE)
configure:3705: result: yes
configure:3734: checking whether make supports nested variables
configure:3751: result: yes
configure:3831: checking whether UID '18794' is supported by ustar format
configure:3834: result: yes
configure:3841: checking whether GID '4234' is supported by ustar format
configure:3844: result: yes
configure:3852: checking how to create a ustar tar archive
configure:3863: tar --version
bsdtar 2.8.3 - libarchive 2.8.3
configure:3866: $? = 0
configure:3906: tardir=conftest.dir && eval tar --format=ustar -chf - "$tardir" >conftest.tar
configure:3909: $? = 0
configure:3913: tar -xf - <conftest.tar
configure:3916: $? = 0
configure:3918: cat conftest.dir/file
GrepMe
configure:3921: $? = 0
configure:3934: result: gnutar
configure:3985: checking whether to enable maintainer-specific portions of Makefiles
configure:3994: result: yes
configure:4022: checking whether make supports nested variables
configure:4039: result: yes
configure:4166: checking for gcc
configure:4182: found /usr/bin/gcc
configure:4193: result: gcc
configure:4422: checking for C compiler version
configure:4431: gcc --version >&5
Apple LLVM version 8.0.0 (clang-800.0.42.1)
Target: x86_64-apple-darwin15.6.0
Thread model: posix
InstalledDir: /Applications/Xcode.app/Contents/Developer/Toolchains/XcodeDefault.xctoolchain/usr/bin
Configured with: --prefix=/Applications/Xcode.app/Contents/Developer/usr --with-gxx-include-dir=/usr/include/c++/4.2.1
configure:4442: $? = 0
configure:4431: gcc -v >&5
Configured with: --prefix=/Applications/Xcode.app/Contents/Developer/usr --with-gxx-include-dir=/usr/include/c++/4.2.1
Apple LLVM version 8.0.0 (clang-800.0.42.1)
Target: x86_64-apple-darwin15.6.0
Thread model: posix
InstalledDir: /Applications/Xcode.app/Contents/Developer/Toolchains/XcodeDefault.xctoolchain/usr/bin
configure:4442: $? = 0
configure:4431: gcc -V >&5
clang: error: argument to '-V' is missing (expected 1 value)
clang: error: no input files
configure:4442: $? = 1
configure:4431: gcc -qversion >&5
clang: error: unknown argument: '-qversion'
clang: error: no input files
configure:4442: $? = 1
configure:4462: checking whether the C compiler works
configure:4484: gcc    conftest.c  >&5
configure:4488: $? = 0
configure:4536: result: yes
configure:4539: checking for C compiler default output file name
configure:4541: result: a.out
configure:4547: checking for suffix of executables
configure:4554: gcc -o conftest    conftest.c  >&5
configure:4558: $? = 0
configure:4580: result: 
configure:4602: checking whether we are cross compiling
configure:4610: gcc -o conftest    conftest.c  >&5
configure:4614: $? = 0
configure:4621: ./conftest
configure:4625: $? = 0
configure:4640: result: no
configure:4645: checking for suffix of object files
configure:4667: gcc -c   conftest.c >&5
configure:4671: $? = 0
configure:4692: result: o
configure:4696: checking whether we are using the GNU C compiler
configure:4715: gcc -c   conftest.c >&5
configure:4715: $? = 0
configure:4724: result: yes
configure:4733: checking whether gcc accepts -g
configure:4753: gcc -c -g  conftest.c >&5
configure:4753: $? = 0
configure:4794: result: yes
configure:4811: checking for gcc option to accept ISO C89
configure:4874: gcc  -c -g -O2  conftest.c >&5
configure:4874: $? = 0
configure:4887: result: none needed
configure:4912: checking whether gcc understands -c and -o together
configure:4934: gcc -c conftest.c -o conftest2.o
configure:4937: $? = 0
configure:4934: gcc -c conftest.c -o conftest2.o
configure:4937: $? = 0
configure:4949: result: yes
configure:4977: checking for style of include used by make
configure:5005: result: GNU
configure:5031: checking dependency style of gcc
configure:5142: result: gcc3
configure:5162: checking how to run the C preprocessor
configure:5193: gcc -E  conftest.c
configure:5193: $? = 0
configure:5207: gcc -E  conftest.c
conftest.c:9:10: fatal error: 'ac_nonexistent.h' file not found
#include <ac_nonexistent.h>
         ^
1 error generated.
configure:5207: $? = 1
configure: failed program was:
| /* confdefs.h */
| #define PACKAGE_NAME "gtk+"
| #define PACKAGE_TARNAME "gtk+"
| #define PACKAGE_VERSION "3.22.18"
| #define PACKAGE_STRING "gtk+ 3.22.18"
| #define PACKAGE_BUGREPORT "http://bugzilla.gnome.org/enter_bug.cgi?product=gtk%2B"
| #define PACKAGE_URL ""
| /* end confdefs.h.  */
| #include <ac_nonexistent.h>
configure:5232: result: gcc -E
configure:5252: gcc -E  conftest.c
configure:5252: $? = 0
configure:5266: gcc -E  conftest.c
conftest.c:9:10: fatal error: 'ac_nonexistent.h' file not found
#include <ac_nonexistent.h>
         ^
1 error generated.
configure:5266: $? = 1
configure: failed program was:
| /* confdefs.h */
| #define PACKAGE_NAME "gtk+"
| #define PACKAGE_TARNAME "gtk+"
| #define PACKAGE_VERSION "3.22.18"
| #define PACKAGE_STRING "gtk+ 3.22.18"
| #define PACKAGE_BUGREPORT "http://bugzilla.gnome.org/enter_bug.cgi?product=gtk%2B"
| #define PACKAGE_URL ""
| /* end confdefs.h.  */
| #include <ac_nonexistent.h>
configure:5350: checking for gcc
configure:5366: found /usr/bin/gcc
configure:5377: result: gcc
configure:5606: checking for C compiler version
configure:5615: gcc --version >&5
Apple LLVM version 8.0.0 (clang-800.0.42.1)
Target: x86_64-apple-darwin15.6.0
Thread model: posix
InstalledDir: /Applications/Xcode.app/Contents/Developer/Toolchains/XcodeDefault.xctoolchain/usr/bin
Configured with: --prefix=/Applications/Xcode.app/Contents/Developer/usr --with-gxx-include-dir=/usr/include/c++/4.2.1
configure:5626: $? = 0
configure:5615: gcc -v >&5
Configured with: --prefix=/Applications/Xcode.app/Contents/Developer/usr --with-gxx-include-dir=/usr/include/c++/4.2.1
Apple LLVM version 8.0.0 (clang-800.0.42.1)
Target: x86_64-apple-darwin15.6.0
Thread model: posix
InstalledDir: /Applications/Xcode.app/Contents/Developer/Toolchains/XcodeDefault.xctoolchain/usr/bin
configure:5626: $? = 0
configure:5615: gcc -V >&5
clang: error: argument to '-V' is missing (expected 1 value)
clang: error: no input files
configure:5626: $? = 1
configure:5615: gcc -qversion >&5
clang: error: unknown argument: '-qversion'
clang: error: no input files
configure:5626: $? = 1
configure:5630: checking whether we are using the GNU C compiler
configure:5658: result: yes
configure:5667: checking whether gcc accepts -g
configure:5687: gcc -c -g -O2  conftest.c >&5
configure:5687: $? = 0
configure:5728: result: yes
configure:5745: checking for gcc option to accept ISO C89
configure:5821: result: none needed
configure:5846: checking whether gcc understands -c and -o together
configure:5883: result: yes
configure:5902: checking dependency style of gcc
configure:6013: result: gcc3
configure:6033: checking how to run the C preprocessor
configure:6064: gcc -E  conftest.c
configure:6064: $? = 0
configure:6078: gcc -E  conftest.c
conftest.c:9:10: fatal error: 'ac_nonexistent.h' file not found
#include <ac_nonexistent.h>
         ^
1 error generated.
configure:6078: $? = 1
configure: failed program was:
| /* confdefs.h */
| #define PACKAGE_NAME "gtk+"
| #define PACKAGE_TARNAME "gtk+"
| #define PACKAGE_VERSION "3.22.18"
| #define PACKAGE_STRING "gtk+ 3.22.18"
| #define PACKAGE_BUGREPORT "http://bugzilla.gnome.org/enter_bug.cgi?product=gtk%2B"
| #define PACKAGE_URL ""
| /* end confdefs.h.  */
| #include <ac_nonexistent.h>
configure:6103: result: gcc -E
configure:6123: gcc -E  conftest.c
configure:6123: $? = 0
configure:6137: gcc -E  conftest.c
conftest.c:9:10: fatal error: 'ac_nonexistent.h' file not found
#include <ac_nonexistent.h>
         ^
1 error generated.
configure:6137: $? = 1
configure: failed program was:
| /* confdefs.h */
| #define PACKAGE_NAME "gtk+"
| #define PACKAGE_TARNAME "gtk+"
| #define PACKAGE_VERSION "3.22.18"
| #define PACKAGE_STRING "gtk+ 3.22.18"
| #define PACKAGE_BUGREPORT "http://bugzilla.gnome.org/enter_bug.cgi?product=gtk%2B"
| #define PACKAGE_URL ""
| /* end confdefs.h.  */
| #include <ac_nonexistent.h>
configure:6175: checking whether gcc and cc understand -c and -o together
configure:6206: gcc -c conftest.c -o conftest2.o >&5
configure:6210: $? = 0
configure:6216: gcc -c conftest.c -o conftest2.o >&5
configure:6220: $? = 0
configure:6231: cc -c conftest.c >&5
configure:6235: $? = 0
configure:6243: cc -c conftest.c -o conftest2.o >&5
configure:6247: $? = 0
configure:6253: cc -c conftest.c -o conftest2.o >&5
configure:6257: $? = 0
configure:6275: result: yes
configure:6287: checking whether make sets $(MAKE)
configure:6309: result: yes
configure:6322: checking for grep that handles long lines and -e
configure:6380: result: /usr/bin/grep
configure:6385: checking for egrep
configure:6447: result: /usr/bin/grep -E
configure:6452: checking for ANSI C header files
configure:6472: gcc -c -g -O2  conftest.c >&5
configure:6472: $? = 0
configure:6545: gcc -o conftest -g -O2   conftest.c  >&5
configure:6545: $? = 0
configure:6545: ./conftest
configure:6545: $? = 0
configure:6556: result: yes
configure:6569: checking for sys/types.h
configure:6569: gcc -c -g -O2  conftest.c >&5
configure:6569: $? = 0
configure:6569: result: yes
configure:6569: checking for sys/stat.h
configure:6569: gcc -c -g -O2  conftest.c >&5
configure:6569: $? = 0
configure:6569: result: yes
configure:6569: checking for stdlib.h
configure:6569: gcc -c -g -O2  conftest.c >&5
configure:6569: $? = 0
configure:6569: result: yes
configure:6569: checking for string.h
configure:6569: gcc -c -g -O2  conftest.c >&5
configure:6569: $? = 0
configure:6569: result: yes
configure:6569: checking for memory.h
configure:6569: gcc -c -g -O2  conftest.c >&5
configure:6569: $? = 0
configure:6569: result: yes
configure:6569: checking for strings.h
configure:6569: gcc -c -g -O2  conftest.c >&5
configure:6569: $? = 0
configure:6569: result: yes
configure:6569: checking for inttypes.h
configure:6569: gcc -c -g -O2  conftest.c >&5
configure:6569: $? = 0
configure:6569: result: yes
configure:6569: checking for stdint.h
configure:6569: gcc -c -g -O2  conftest.c >&5
configure:6569: $? = 0
configure:6569: result: yes
configure:6569: checking for unistd.h
configure:6569: gcc -c -g -O2  conftest.c >&5
configure:6569: $? = 0
configure:6569: result: yes
configure:6582: checking minix/config.h usability
configure:6582: gcc -c -g -O2  conftest.c >&5
conftest.c:52:10: fatal error: 'minix/config.h' file not found
#include <minix/config.h>
         ^
1 error generated.
configure:6582: $? = 1
configure: failed program was:
| /* confdefs.h */
| #define PACKAGE_NAME "gtk+"
| #define PACKAGE_TARNAME "gtk+"
| #define PACKAGE_VERSION "3.22.18"
| #define PACKAGE_STRING "gtk+ 3.22.18"
| #define PACKAGE_BUGREPORT "http://bugzilla.gnome.org/enter_bug.cgi?product=gtk%2B"
| #define PACKAGE_URL ""
| #define STDC_HEADERS 1
| #define HAVE_SYS_TYPES_H 1
| #define HAVE_SYS_STAT_H 1
| #define HAVE_STDLIB_H 1
| #define HAVE_STRING_H 1
| #define HAVE_MEMORY_H 1
| #define HAVE_STRINGS_H 1
| #define HAVE_INTTYPES_H 1
| #define HAVE_STDINT_H 1
| #define HAVE_UNISTD_H 1
| /* end confdefs.h.  */
| #include <stdio.h>
| #ifdef HAVE_SYS_TYPES_H
| # include <sys/types.h>
| #endif
| #ifdef HAVE_SYS_STAT_H
| # include <sys/stat.h>
| #endif
| #ifdef STDC_HEADERS
| # include <stdlib.h>
| # include <stddef.h>
| #else
| # ifdef HAVE_STDLIB_H
| #  include <stdlib.h>
| # endif
| #endif
| #ifdef HAVE_STRING_H
| # if !defined STDC_HEADERS && defined HAVE_MEMORY_H
| #  include <memory.h>
| # endif
| # include <string.h>
| #endif
| #ifdef HAVE_STRINGS_H
| # include <strings.h>
| #endif
| #ifdef HAVE_INTTYPES_H
| # include <inttypes.h>
| #endif
| #ifdef HAVE_STDINT_H
| # include <stdint.h>
| #endif
| #ifdef HAVE_UNISTD_H
| # include <unistd.h>
| #endif
| #include <minix/config.h>
configure:6582: result: no
configure:6582: checking minix/config.h presence
configure:6582: gcc -E  conftest.c
conftest.c:19:10: fatal error: 'minix/config.h' file not found
#include <minix/config.h>
         ^
1 error generated.
configure:6582: $? = 1
configure: failed program was:
| /* confdefs.h */
| #define PACKAGE_NAME "gtk+"
| #define PACKAGE_TARNAME "gtk+"
| #define PACKAGE_VERSION "3.22.18"
| #define PACKAGE_STRING "gtk+ 3.22.18"
| #define PACKAGE_BUGREPORT "http://bugzilla.gnome.org/enter_bug.cgi?product=gtk%2B"
| #define PACKAGE_URL ""
| #define STDC_HEADERS 1
| #define HAVE_SYS_TYPES_H 1
| #define HAVE_SYS_STAT_H 1
| #define HAVE_STDLIB_H 1
| #define HAVE_STRING_H 1
| #define HAVE_MEMORY_H 1
| #define HAVE_STRINGS_H 1
| #define HAVE_INTTYPES_H 1
| #define HAVE_STDINT_H 1
| #define HAVE_UNISTD_H 1
| /* end confdefs.h.  */
| #include <minix/config.h>
configure:6582: result: no
configure:6582: checking for minix/config.h
configure:6582: result: no
configure:6603: checking whether it is safe to define __EXTENSIONS__
configure:6621: gcc -c -g -O2  conftest.c >&5
configure:6621: $? = 0
configure:6628: result: yes
configure:6644: checking for a sed that does not truncate output
configure:6708: result: /usr/bin/sed
configure:6714: checking whether NLS is requested
configure:6723: result: yes
configure:6763: checking for msgfmt
configure:6798: result: no
configure:6804: checking for gmsgfmt
configure:6835: result: :
configure:6885: checking for xgettext
configure:6920: result: no
configure:6962: checking for msgmerge
configure:6996: result: no
configure:7051: checking for ld used by gcc
configure:7118: result: /Applications/Xcode.app/Contents/Developer/Toolchains/XcodeDefault.xctoolchain/usr/bin/ld
configure:7125: checking if the linker (/Applications/Xcode.app/Contents/Developer/Toolchains/XcodeDefault.xctoolchain/usr/bin/ld) is GNU ld
configure:7140: result: no
configure:7147: checking for shared library run path origin
configure:7160: result: done
configure:7732: checking for CFPreferencesCopyAppValue
configure:7750: gcc -o conftest -g -O2   conftest.c  -Wl,-framework -Wl,CoreFoundation >&5
configure:7750: $? = 0
configure:7759: result: yes
configure:7766: checking for CFLocaleCopyCurrent
configure:7784: gcc -o conftest -g -O2   conftest.c  -Wl,-framework -Wl,CoreFoundation >&5
configure:7784: $? = 0
configure:7793: result: yes
configure:7842: checking for GNU gettext in libc
configure:7866: gcc -o conftest -g -O2   conftest.c  >&5
conftest.c:27:10: fatal error: 'libintl.h' file not found
#include <libintl.h>
         ^
1 error generated.
configure:7866: $? = 1
configure: failed program was:
| /* confdefs.h */
| #define PACKAGE_NAME "gtk+"
| #define PACKAGE_TARNAME "gtk+"
| #define PACKAGE_VERSION "3.22.18"
| #define PACKAGE_STRING "gtk+ 3.22.18"
| #define PACKAGE_BUGREPORT "http://bugzilla.gnome.org/enter_bug.cgi?product=gtk%2B"
| #define PACKAGE_URL ""
| #define STDC_HEADERS 1
| #define HAVE_SYS_TYPES_H 1
| #define HAVE_SYS_STAT_H 1
| #define HAVE_STDLIB_H 1
| #define HAVE_STRING_H 1
| #define HAVE_MEMORY_H 1
| #define HAVE_STRINGS_H 1
| #define HAVE_INTTYPES_H 1
| #define HAVE_STDINT_H 1
| #define HAVE_UNISTD_H 1
| #define __EXTENSIONS__ 1
| #define _ALL_SOURCE 1
| #define _GNU_SOURCE 1
| #define _POSIX_PTHREAD_SEMANTICS 1
| #define _TANDEM_SOURCE 1
| #define HAVE_CFPREFERENCESCOPYAPPVALUE 1
| #define HAVE_CFLOCALECOPYCURRENT 1
| /* end confdefs.h.  */
| 
| #include <libintl.h>
| 
| extern int _nl_msg_cat_cntr;
| extern int *_nl_domain_bindings;
| 
| int
| main ()
| {
| 
| bindtextdomain ("", "");
| return * gettext ("") + _nl_msg_cat_cntr + *_nl_domain_bindings
| 
|   ;
|   return 0;
| }
configure:7875: result: no
configure:7909: checking for iconv
configure:7933: gcc -o conftest -g -O2   conftest.c  >&5
Undefined symbols for architecture x86_64:
  "_iconv", referenced from:
      _main in conftest-764bc1.o
  "_iconv_close", referenced from:
      _main in conftest-764bc1.o
  "_iconv_open", referenced from:
      _main in conftest-764bc1.o
ld: symbol(s) not found for architecture x86_64
clang: error: linker command failed with exit code 1 (use -v to see invocation)
configure:7933: $? = 1
configure: failed program was:
| /* confdefs.h */
| #define PACKAGE_NAME "gtk+"
| #define PACKAGE_TARNAME "gtk+"
| #define PACKAGE_VERSION "3.22.18"
| #define PACKAGE_STRING "gtk+ 3.22.18"
| #define PACKAGE_BUGREPORT "http://bugzilla.gnome.org/enter_bug.cgi?product=gtk%2B"
| #define PACKAGE_URL ""
| #define STDC_HEADERS 1
| #define HAVE_SYS_TYPES_H 1
| #define HAVE_SYS_STAT_H 1
| #define HAVE_STDLIB_H 1
| #define HAVE_STRING_H 1
| #define HAVE_MEMORY_H 1
| #define HAVE_STRINGS_H 1
| #define HAVE_INTTYPES_H 1
| #define HAVE_STDINT_H 1
| #define HAVE_UNISTD_H 1
| #define __EXTENSIONS__ 1
| #define _ALL_SOURCE 1
| #define _GNU_SOURCE 1
| #define _POSIX_PTHREAD_SEMANTICS 1
| #define _TANDEM_SOURCE 1
| #define HAVE_CFPREFERENCESCOPYAPPVALUE 1
| #define HAVE_CFLOCALECOPYCURRENT 1
| /* end confdefs.h.  */
| 
| #include <stdlib.h>
| #include <iconv.h>
| 
| int
| main ()
| {
| iconv_t cd = iconv_open("","");
|            iconv(cd,NULL,NULL,NULL,NULL);
|            iconv_close(cd);
|   ;
|   return 0;
| }
configure:7957: gcc -o conftest -g -O2   conftest.c  -liconv >&5
configure:7957: $? = 0
configure:7967: result: yes
configure:7970: checking for working iconv
configure:8099: gcc -o conftest -g -O2   conftest.c  -liconv >&5
configure:8099: $? = 0
configure:8099: ./conftest
configure:8099: $? = 0
configure:8111: result: yes
configure:8126: checking how to link with libiconv
configure:8128: result: -liconv
configure:8600: checking for GNU gettext in libintl
configure:8632: gcc -o conftest -g -O2    conftest.c  -lintl >&5
conftest.c:28:10: fatal error: 'libintl.h' file not found
#include <libintl.h>
         ^
1 error generated.
configure:8632: $? = 1
configure: failed program was:
| /* confdefs.h */
| #define PACKAGE_NAME "gtk+"
| #define PACKAGE_TARNAME "gtk+"
| #define PACKAGE_VERSION "3.22.18"
| #define PACKAGE_STRING "gtk+ 3.22.18"
| #define PACKAGE_BUGREPORT "http://bugzilla.gnome.org/enter_bug.cgi?product=gtk%2B"
| #define PACKAGE_URL ""
| #define STDC_HEADERS 1
| #define HAVE_SYS_TYPES_H 1
| #define HAVE_SYS_STAT_H 1
| #define HAVE_STDLIB_H 1
| #define HAVE_STRING_H 1
| #define HAVE_MEMORY_H 1
| #define HAVE_STRINGS_H 1
| #define HAVE_INTTYPES_H 1
| #define HAVE_STDINT_H 1
| #define HAVE_UNISTD_H 1
| #define __EXTENSIONS__ 1
| #define _ALL_SOURCE 1
| #define _GNU_SOURCE 1
| #define _POSIX_PTHREAD_SEMANTICS 1
| #define _TANDEM_SOURCE 1
| #define HAVE_CFPREFERENCESCOPYAPPVALUE 1
| #define HAVE_CFLOCALECOPYCURRENT 1
| #define HAVE_ICONV 1
| /* end confdefs.h.  */
| 
| #include <libintl.h>
| 
| extern int _nl_msg_cat_cntr;
| extern
| #ifdef __cplusplus
| "C"
| #endif
| const char *_nl_expand_alias (const char *);
| 
| int
| main ()
| {
| 
| bindtextdomain ("", "");
| return * gettext ("") + _nl_msg_cat_cntr + *_nl_expand_alias ("")
| 
|   ;
|   return 0;
| }
configure:8664: gcc -o conftest -g -O2    conftest.c  -lintl -liconv >&5
conftest.c:28:10: fatal error: 'libintl.h' file not found
#include <libintl.h>
         ^
1 error generated.
configure:8664: $? = 1
configure: failed program was:
| /* confdefs.h */
| #define PACKAGE_NAME "gtk+"
| #define PACKAGE_TARNAME "gtk+"
| #define PACKAGE_VERSION "3.22.18"
| #define PACKAGE_STRING "gtk+ 3.22.18"
| #define PACKAGE_BUGREPORT "http://bugzilla.gnome.org/enter_bug.cgi?product=gtk%2B"
| #define PACKAGE_URL ""
| #define STDC_HEADERS 1
| #define HAVE_SYS_TYPES_H 1
| #define HAVE_SYS_STAT_H 1
| #define HAVE_STDLIB_H 1
| #define HAVE_STRING_H 1
| #define HAVE_MEMORY_H 1
| #define HAVE_STRINGS_H 1
| #define HAVE_INTTYPES_H 1
| #define HAVE_STDINT_H 1
| #define HAVE_UNISTD_H 1
| #define __EXTENSIONS__ 1
| #define _ALL_SOURCE 1
| #define _GNU_SOURCE 1
| #define _POSIX_PTHREAD_SEMANTICS 1
| #define _TANDEM_SOURCE 1
| #define HAVE_CFPREFERENCESCOPYAPPVALUE 1
| #define HAVE_CFLOCALECOPYCURRENT 1
| #define HAVE_ICONV 1
| /* end confdefs.h.  */
| 
| #include <libintl.h>
| 
| extern int _nl_msg_cat_cntr;
| extern
| #ifdef __cplusplus
| "C"
| #endif
| const char *_nl_expand_alias (const char *);
| 
| int
| main ()
| {
| 
| bindtextdomain ("", "");
| return * gettext ("") + _nl_msg_cat_cntr + *_nl_expand_alias ("")
| 
|   ;
|   return 0;
| }
configure:8677: result: no
configure:8712: checking whether to use NLS
configure:8714: result: no
configure:8796: checking for native Win32
configure:8818: result: no
configure:8883: checking for c++
configure:8899: found /usr/bin/c++
configure:8910: result: c++
configure:9053: checking for C++ compiler version
configure:9062: c++ --version >&5
Apple LLVM version 8.0.0 (clang-800.0.42.1)
Target: x86_64-apple-darwin15.6.0
Thread model: posix
InstalledDir: /Applications/Xcode.app/Contents/Developer/Toolchains/XcodeDefault.xctoolchain/usr/bin
configure:9073: $? = 0
configure:9062: c++ -v >&5
Apple LLVM version 8.0.0 (clang-800.0.42.1)
Target: x86_64-apple-darwin15.6.0
Thread model: posix
InstalledDir: /Applications/Xcode.app/Contents/Developer/Toolchains/XcodeDefault.xctoolchain/usr/bin
configure:9073: $? = 0
configure:9062: c++ -V >&5
clang: error: argument to '-V' is missing (expected 1 value)
clang: error: no input files
configure:9073: $? = 1
configure:9062: c++ -qversion >&5
clang: error: unknown argument: '-qversion'
clang: error: no input files
configure:9073: $? = 1
configure:9077: checking whether we are using the GNU C++ compiler
configure:9096: c++ -c   conftest.cpp >&5
configure:9096: $? = 0
configure:9105: result: yes
configure:9114: checking whether c++ accepts -g
configure:9134: c++ -c -g  conftest.cpp >&5
configure:9134: $? = 0
configure:9175: result: yes
configure:9200: checking dependency style of c++
configure:9311: result: gcc3
configure:9338: c++ -c -g -O2  conftest.cpp >&5
configure:9338: $? = 0
configure:9366: c++ -c -g -O2 -x objective-c++  conftest.cpp >&5
configure:9366: $? = 0
configure:9448: checking how to print strings
configure:9475: result: printf
configure:9496: checking for a sed that does not truncate output
configure:9560: result: /usr/bin/sed
configure:9578: checking for fgrep
configure:9640: result: /usr/bin/grep -F
configure:9675: checking for ld used by gcc
configure:9742: result: /Applications/Xcode.app/Contents/Developer/Toolchains/XcodeDefault.xctoolchain/usr/bin/ld
configure:9749: checking if the linker (/Applications/Xcode.app/Contents/Developer/Toolchains/XcodeDefault.xctoolchain/usr/bin/ld) is GNU ld
configure:9764: result: no
configure:9776: checking for BSD- or MS-compatible name lister (nm)
configure:9830: result: /usr/bin/nm -B
configure:9960: checking the name lister (/usr/bin/nm -B) interface
configure:9967: gcc -c -g -O2  conftest.c >&5
configure:9970: /usr/bin/nm -B "conftest.o"
configure:9973: output
0000000000000208 S _some_variable
configure:9980: result: BSD nm
configure:9983: checking whether ln -s works
configure:9987: result: yes
configure:9995: checking the maximum length of command line arguments
configure:10126: result: 196608
configure:10174: checking how to convert x86_64-apple-darwin15.6.0 file names to x86_64-apple-darwin15.6.0 format
configure:10214: result: func_convert_file_noop
configure:10221: checking how to convert x86_64-apple-darwin15.6.0 file names to toolchain format
configure:10241: result: func_convert_file_noop
configure:10248: checking for /Applications/Xcode.app/Contents/Developer/Toolchains/XcodeDefault.xctoolchain/usr/bin/ld option to reload object files
configure:10255: result: -r
configure:10329: checking for objdump
configure:10359: result: no
configure:10385: checking how to recognize dependent libraries
configure:10585: result: pass_all
configure:10670: checking for dlltool
configure:10700: result: no
configure:10727: checking how to associate runtime and link libraries
configure:10754: result: printf %s\n
configure:10814: checking for ar
configure:10830: found /usr/bin/ar
configure:10841: result: ar
configure:10878: checking for archiver @FILE support
configure:10895: gcc -c -g -O2  conftest.c >&5
configure:10895: $? = 0
configure:10898: ar cru libconftest.a @conftest.lst >&5
ar: @conftest.lst: No such file or directory
configure:10901: $? = 1
configure:10921: result: no
configure:10979: checking for strip
configure:10995: found /usr/bin/strip
configure:11006: result: strip
configure:11078: checking for ranlib
configure:11094: found /usr/bin/ranlib
configure:11105: result: ranlib
configure:11207: checking command to parse /usr/bin/nm -B output from gcc object
configure:11360: gcc -c -g -O2  conftest.c >&5
configure:11363: $? = 0
configure:11367: /usr/bin/nm -B conftest.o \| sed -n -e 's/^.*[ ]\([BCDEGRST][BCDEGRST]*\)[ ][ ]*\([_A-Za-z][_A-Za-z0-9]*\)$/\1 \2 \2/p' | sed '/ __gnu_lto/d' \> conftest.nm
configure:11370: $? = 0
cannot find nm_test_var in conftest.nm
configure:11360: gcc -c -g -O2  conftest.c >&5
configure:11363: $? = 0
configure:11367: /usr/bin/nm -B conftest.o \| sed -n -e 's/^.*[ ]\([BCDEGRST][BCDEGRST]*\)[ ][ ]*_\([_A-Za-z][_A-Za-z0-9]*\)$/\1 _\2 \2/p' | sed '/ __gnu_lto/d' \> conftest.nm
configure:11370: $? = 0
configure:11436: gcc -o conftest -g -O2   conftest.c conftstm.o >&5
warning: (x86_64)  could not find object file symbol for symbol _main
configure:11439: $? = 0
configure:11477: result: ok
configure:11524: checking for sysroot
configure:11554: result: no
configure:11561: checking for a working dd
configure:11599: result: /bin/dd
configure:11603: checking how to truncate binary pipes
configure:11618: result: /bin/dd bs=4096 count=1
configure:11947: checking for mt
configure:11977: result: no
configure:11997: checking if : is a manifest tool
configure:12003: : '-?'
configure:12011: result: no
configure:12067: checking for dsymutil
configure:12083: found /usr/bin/dsymutil
configure:12094: result: dsymutil
configure:12159: checking for nmedit
configure:12175: found /usr/bin/nmedit
configure:12186: result: nmedit
configure:12251: checking for lipo
configure:12267: found /usr/bin/lipo
configure:12278: result: lipo
configure:12343: checking for otool
configure:12359: found /usr/bin/otool
configure:12370: result: otool
configure:12435: checking for otool64
configure:12465: result: no
configure:12510: checking for -single_module linker flag
gcc -g -O2  -o libconftest.dylib -dynamiclib -Wl,-single_module conftest.c
configure:12543: result: yes
configure:12546: checking for -exported_symbols_list linker flag
configure:12566: gcc -o conftest -g -O2   -Wl,-exported_symbols_list,conftest.sym conftest.c  >&5
configure:12566: $? = 0
configure:12576: result: yes
configure:12579: checking for -force_load linker flag
gcc -g -O2 -c -o conftest.o conftest.c
ar cru libconftest.a conftest.o
ranlib libconftest.a
gcc -g -O2  -o conftest conftest.c -Wl,-force_load,./libconftest.a
configure:12611: result: yes
configure:12685: checking for dlfcn.h
configure:12685: gcc -c -g -O2  conftest.c >&5
configure:12685: $? = 0
configure:12685: result: yes
configure:13248: checking for objdir
configure:13263: result: .libs
configure:13527: checking if gcc supports -fno-rtti -fno-exceptions
configure:13545: gcc -c -g -O2  -fno-rtti -fno-exceptions conftest.c >&5
configure:13549: $? = 0
configure:13562: result: yes
configure:13920: checking for gcc option to produce PIC
configure:13927: result: -fno-common -DPIC
configure:13935: checking if gcc PIC flag -fno-common -DPIC works
configure:13953: gcc -c -g -O2  -fno-common -DPIC -DPIC conftest.c >&5
configure:13957: $? = 0
configure:13970: result: yes
configure:13999: checking if gcc static flag -static works
configure:14027: result: no
configure:14042: checking if gcc supports -c -o file.o
configure:14063: gcc -c -g -O2  -o out/conftest2.o conftest.c >&5
configure:14067: $? = 0
configure:14089: result: yes
configure:14097: checking if gcc supports -c -o file.o
configure:14144: result: yes
configure:14177: checking whether the gcc linker (/Applications/Xcode.app/Contents/Developer/Toolchains/XcodeDefault.xctoolchain/usr/bin/ld) supports shared libraries
configure:15436: result: yes
configure:15676: checking dynamic linker characteristics
configure:16497: result: darwin15.6.0 dyld
configure:16619: checking how to hardcode library paths into programs
configure:16644: result: immediate
configure:17192: checking whether stripping libraries is possible
configure:17206: result: yes
configure:17232: checking if libtool supports shared libraries
configure:17234: result: yes
configure:17237: checking whether to build shared libraries
configure:17262: result: yes
configure:17265: checking whether to build static libraries
configure:17269: result: no
configure:17292: checking how to run the C++ preprocessor
configure:17319: c++ -E  conftest.cpp
configure:17319: $? = 0
configure:17333: c++ -E  conftest.cpp
conftest.cpp:30:10: fatal error: 'ac_nonexistent.h' file not found
#include <ac_nonexistent.h>
         ^
1 error generated.
configure:17333: $? = 1
configure: failed program was:
| /* confdefs.h */
| #define PACKAGE_NAME "gtk+"
| #define PACKAGE_TARNAME "gtk+"
| #define PACKAGE_VERSION "3.22.18"
| #define PACKAGE_STRING "gtk+ 3.22.18"
| #define PACKAGE_BUGREPORT "http://bugzilla.gnome.org/enter_bug.cgi?product=gtk%2B"
| #define PACKAGE_URL ""
| #define STDC_HEADERS 1
| #define HAVE_SYS_TYPES_H 1
| #define HAVE_SYS_STAT_H 1
| #define HAVE_STDLIB_H 1
| #define HAVE_STRING_H 1
| #define HAVE_MEMORY_H 1
| #define HAVE_STRINGS_H 1
| #define HAVE_INTTYPES_H 1
| #define HAVE_STDINT_H 1
| #define HAVE_UNISTD_H 1
| #define __EXTENSIONS__ 1
| #define _ALL_SOURCE 1
| #define _GNU_SOURCE 1
| #define _POSIX_PTHREAD_SEMANTICS 1
| #define _TANDEM_SOURCE 1
| #define HAVE_CFPREFERENCESCOPYAPPVALUE 1
| #define HAVE_CFLOCALECOPYCURRENT 1
| #define HAVE_ICONV 1
| #define GETTEXT_PACKAGE "gtk30"
| #define HAVE_DLFCN_H 1
| #define LT_OBJDIR ".libs/"
| /* end confdefs.h.  */
| #include <ac_nonexistent.h>
configure:17358: result: c++ -E
configure:17378: c++ -E  conftest.cpp
configure:17378: $? = 0
configure:17392: c++ -E  conftest.cpp
conftest.cpp:30:10: fatal error: 'ac_nonexistent.h' file not found
#include <ac_nonexistent.h>
         ^
1 error generated.
configure:17392: $? = 1
configure: failed program was:
| /* confdefs.h */
| #define PACKAGE_NAME "gtk+"
| #define PACKAGE_TARNAME "gtk+"
| #define PACKAGE_VERSION "3.22.18"
| #define PACKAGE_STRING "gtk+ 3.22.18"
| #define PACKAGE_BUGREPORT "http://bugzilla.gnome.org/enter_bug.cgi?product=gtk%2B"
| #define PACKAGE_URL ""
| #define STDC_HEADERS 1
| #define HAVE_SYS_TYPES_H 1
| #define HAVE_SYS_STAT_H 1
| #define HAVE_STDLIB_H 1
| #define HAVE_STRING_H 1
| #define HAVE_MEMORY_H 1
| #define HAVE_STRINGS_H 1
| #define HAVE_INTTYPES_H 1
| #define HAVE_STDINT_H 1
| #define HAVE_UNISTD_H 1
| #define __EXTENSIONS__ 1
| #define _ALL_SOURCE 1
| #define _GNU_SOURCE 1
| #define _POSIX_PTHREAD_SEMANTICS 1
| #define _TANDEM_SOURCE 1
| #define HAVE_CFPREFERENCESCOPYAPPVALUE 1
| #define HAVE_CFLOCALECOPYCURRENT 1
| #define HAVE_ICONV 1
| #define GETTEXT_PACKAGE "gtk30"
| #define HAVE_DLFCN_H 1
| #define LT_OBJDIR ".libs/"
| /* end confdefs.h.  */
| #include <ac_nonexistent.h>
configure:17554: checking for ld used by c++
configure:17621: result: /Applications/Xcode.app/Contents/Developer/Toolchains/XcodeDefault.xctoolchain/usr/bin/ld
configure:17628: checking if the linker (/Applications/Xcode.app/Contents/Developer/Toolchains/XcodeDefault.xctoolchain/usr/bin/ld) is GNU ld
configure:17643: result: no
configure:17698: checking whether the c++ linker (/Applications/Xcode.app/Contents/Developer/Toolchains/XcodeDefault.xctoolchain/usr/bin/ld) supports shared libraries
configure:18771: result: yes
configure:18807: c++ -c -g -O2  conftest.cpp >&5
configure:18810: $? = 0
configure:19291: checking for c++ option to produce PIC
configure:19298: result: -fno-common -DPIC
configure:19306: checking if c++ PIC flag -fno-common -DPIC works
configure:19324: c++ -c -g -O2  -fno-common -DPIC -DPIC conftest.cpp >&5
configure:19328: $? = 0
configure:19341: result: yes
configure:19364: checking if c++ static flag -static works
configure:19392: result: no
configure:19404: checking if c++ supports -c -o file.o
configure:19425: c++ -c -g -O2  -o out/conftest2.o conftest.cpp >&5
configure:19429: $? = 0
configure:19451: result: yes
configure:19456: checking if c++ supports -c -o file.o
configure:19503: result: yes
configure:19533: checking whether the c++ linker (/Applications/Xcode.app/Contents/Developer/Toolchains/XcodeDefault.xctoolchain/usr/bin/ld) supports shared libraries
configure:19573: result: yes
configure:19714: checking dynamic linker characteristics
configure:20462: result: darwin15.6.0 dyld
configure:20527: checking how to hardcode library paths into programs
configure:20552: result: immediate
configure:20615: creating ./config.lt

## ------------------ ##
## Running config.lt. ##
## ------------------ ##
config.lt:681: creating libtool
configure:22180: checking for special C compiler options needed for large files
configure:22225: result: no
configure:22231: checking for _FILE_OFFSET_BITS value needed for large files
configure:22256: gcc -c -g -O2  conftest.c >&5
configure:22256: $? = 0
configure:22288: result: no
configure:22383: checking dependency style of gcc
configure:22492: result: gcc3
configure:22553: checking for nm
configure:22583: result: /usr/bin/nm -B
configure:22606: checking for some Win32 platform
configure:22616: result: no
configure:23003: checking for shm_open in -lrt
configure:23028: gcc -o conftest -g -O2   conftest.c -lrt   >&5
ld: library not found for -lrt
clang: error: linker command failed with exit code 1 (use -v to see invocation)
configure:23028: $? = 1
configure: failed program was:
| /* confdefs.h */
| #define PACKAGE_NAME "gtk+"
| #define PACKAGE_TARNAME "gtk+"
| #define PACKAGE_VERSION "3.22.18"
| #define PACKAGE_STRING "gtk+ 3.22.18"
| #define PACKAGE_BUGREPORT "http://bugzilla.gnome.org/enter_bug.cgi?product=gtk%2B"
| #define PACKAGE_URL ""
| #define STDC_HEADERS 1
| #define HAVE_SYS_TYPES_H 1
| #define HAVE_SYS_STAT_H 1
| #define HAVE_STDLIB_H 1
| #define HAVE_STRING_H 1
| #define HAVE_MEMORY_H 1
| #define HAVE_STRINGS_H 1
| #define HAVE_INTTYPES_H 1
| #define HAVE_STDINT_H 1
| #define HAVE_UNISTD_H 1
| #define __EXTENSIONS__ 1
| #define _ALL_SOURCE 1
| #define _GNU_SOURCE 1
| #define _POSIX_PTHREAD_SEMANTICS 1
| #define _TANDEM_SOURCE 1
| #define HAVE_CFPREFERENCESCOPYAPPVALUE 1
| #define HAVE_CFLOCALECOPYCURRENT 1
| #define HAVE_ICONV 1
| #define GETTEXT_PACKAGE "gtk30"
| #define HAVE_DLFCN_H 1
| #define LT_OBJDIR ".libs/"
| /* end confdefs.h.  */
| 
| /* Override any GCC internal prototype to avoid an error.
|    Use char because int might match the return type of a GCC
|    builtin and then its argument prototype would still apply.  */
| #ifdef __cplusplus
| extern "C"
| #endif
| char shm_open ();
| int
| main ()
| {
| return shm_open ();
|   ;
|   return 0;
| }
configure:23037: result: no
configure:23050: checking for posix_fallocate
configure:23050: gcc -o conftest -g -O2   conftest.c  >&5
Undefined symbols for architecture x86_64:
  "_posix_fallocate", referenced from:
      _main in conftest-3a0a4f.o
ld: symbol(s) not found for architecture x86_64
clang: error: linker command failed with exit code 1 (use -v to see invocation)
configure:23050: $? = 1
configure: failed program was:
| /* confdefs.h */
| #define PACKAGE_NAME "gtk+"
| #define PACKAGE_TARNAME "gtk+"
| #define PACKAGE_VERSION "3.22.18"
| #define PACKAGE_STRING "gtk+ 3.22.18"
| #define PACKAGE_BUGREPORT "http://bugzilla.gnome.org/enter_bug.cgi?product=gtk%2B"
| #define PACKAGE_URL ""
| #define STDC_HEADERS 1
| #define HAVE_SYS_TYPES_H 1
| #define HAVE_SYS_STAT_H 1
| #define HAVE_STDLIB_H 1
| #define HAVE_STRING_H 1
| #define HAVE_MEMORY_H 1
| #define HAVE_STRINGS_H 1
| #define HAVE_INTTYPES_H 1
| #define HAVE_STDINT_H 1
| #define HAVE_UNISTD_H 1
| #define __EXTENSIONS__ 1
| #define _ALL_SOURCE 1
| #define _GNU_SOURCE 1
| #define _POSIX_PTHREAD_SEMANTICS 1
| #define _TANDEM_SOURCE 1
| #define HAVE_CFPREFERENCESCOPYAPPVALUE 1
| #define HAVE_CFLOCALECOPYCURRENT 1
| #define HAVE_ICONV 1
| #define GETTEXT_PACKAGE "gtk30"
| #define HAVE_DLFCN_H 1
| #define LT_OBJDIR ".libs/"
| /* end confdefs.h.  */
| /* Define posix_fallocate to an innocuous variant, in case <limits.h> declares posix_fallocate.
|    For example, HP-UX 11i <limits.h> declares gettimeofday.  */
| #define posix_fallocate innocuous_posix_fallocate
| 
| /* System header to define __stub macros and hopefully few prototypes,
|     which can conflict with char posix_fallocate (); below.
|     Prefer <limits.h> to <assert.h> if __STDC__ is defined, since
|     <limits.h> exists even on freestanding compilers.  */
| 
| #ifdef __STDC__
| # include <limits.h>
| #else
| # include <assert.h>
| #endif
| 
| #undef posix_fallocate
| 
| /* Override any GCC internal prototype to avoid an error.
|    Use char because int might match the return type of a GCC
|    builtin and then its argument prototype would still apply.  */
| #ifdef __cplusplus
| extern "C"
| #endif
| char posix_fallocate ();
| /* The GNU C library defines this for functions which it implements
|     to always fail with ENOSYS.  Some functions are actually named
|     something starting with __ and the normal name is an alias.  */
| #if defined __stub_posix_fallocate || defined __stub___posix_fallocate
| choke me
| #endif
| 
| int
| main ()
| {
| return posix_fallocate ();
|   ;
|   return 0;
| }
configure:23050: result: no
configure:23050: checking for flockfile
configure:23050: gcc -o conftest -g -O2   conftest.c  >&5
configure:23050: $? = 0
configure:23050: result: yes
configure:23050: checking for _lock_file
configure:23050: gcc -o conftest -g -O2   conftest.c  >&5
Undefined symbols for architecture x86_64:
  "__lock_file", referenced from:
      _main in conftest-458080.o
ld: symbol(s) not found for architecture x86_64
clang: error: linker command failed with exit code 1 (use -v to see invocation)
configure:23050: $? = 1
configure: failed program was:
| /* confdefs.h */
| #define PACKAGE_NAME "gtk+"
| #define PACKAGE_TARNAME "gtk+"
| #define PACKAGE_VERSION "3.22.18"
| #define PACKAGE_STRING "gtk+ 3.22.18"
| #define PACKAGE_BUGREPORT "http://bugzilla.gnome.org/enter_bug.cgi?product=gtk%2B"
| #define PACKAGE_URL ""
| #define STDC_HEADERS 1
| #define HAVE_SYS_TYPES_H 1
| #define HAVE_SYS_STAT_H 1
| #define HAVE_STDLIB_H 1
| #define HAVE_STRING_H 1
| #define HAVE_MEMORY_H 1
| #define HAVE_STRINGS_H 1
| #define HAVE_INTTYPES_H 1
| #define HAVE_STDINT_H 1
| #define HAVE_UNISTD_H 1
| #define __EXTENSIONS__ 1
| #define _ALL_SOURCE 1
| #define _GNU_SOURCE 1
| #define _POSIX_PTHREAD_SEMANTICS 1
| #define _TANDEM_SOURCE 1
| #define HAVE_CFPREFERENCESCOPYAPPVALUE 1
| #define HAVE_CFLOCALECOPYCURRENT 1
| #define HAVE_ICONV 1
| #define GETTEXT_PACKAGE "gtk30"
| #define HAVE_DLFCN_H 1
| #define LT_OBJDIR ".libs/"
| #define HAVE_FLOCKFILE 1
| /* end confdefs.h.  */
| /* Define _lock_file to an innocuous variant, in case <limits.h> declares _lock_file.
|    For example, HP-UX 11i <limits.h> declares gettimeofday.  */
| #define _lock_file innocuous__lock_file
| 
| /* System header to define __stub macros and hopefully few prototypes,
|     which can conflict with char _lock_file (); below.
|     Prefer <limits.h> to <assert.h> if __STDC__ is defined, since
|     <limits.h> exists even on freestanding compilers.  */
| 
| #ifdef __STDC__
| # include <limits.h>
| #else
| # include <assert.h>
| #endif
| 
| #undef _lock_file
| 
| /* Override any GCC internal prototype to avoid an error.
|    Use char because int might match the return type of a GCC
|    builtin and then its argument prototype would still apply.  */
| #ifdef __cplusplus
| extern "C"
| #endif
| char _lock_file ();
| /* The GNU C library defines this for functions which it implements
|     to always fail with ENOSYS.  Some functions are actually named
|     something starting with __ and the normal name is an alias.  */
| #if defined __stub__lock_file || defined __stub____lock_file
| choke me
| #endif
| 
| int
| main ()
| {
| return _lock_file ();
|   ;
|   return 0;
| }
configure:23050: result: no
configure:23140: checking for pkg-config
configure:23158: found /Users/ldenblyd/.brew/bin/pkg-config
configure:23170: result: /Users/ldenblyd/.brew/bin/pkg-config
configure:23195: checking pkg-config is at least version 0.9.0
configure:23198: result: yes
configure:23211: checking for wayland-scanner
configure:23242: result: no
configure:23251: $PKG_CONFIG --exists --print-errors "$WAYLAND_DEPENDENCIES"
Package wayland-client was not found in the pkg-config search path.
Perhaps you should add the directory containing `wayland-client.pc'
to the PKG_CONFIG_PATH environment variable
No package 'wayland-client' found
Package wayland-protocols was not found in the pkg-config search path.
Perhaps you should add the directory containing `wayland-protocols.pc'
to the PKG_CONFIG_PATH environment variable
No package 'wayland-protocols' found
Package xkbcommon was not found in the pkg-config search path.
Perhaps you should add the directory containing `xkbcommon.pc'
to the PKG_CONFIG_PATH environment variable
No package 'xkbcommon' found
Package wayland-cursor was not found in the pkg-config search path.
Perhaps you should add the directory containing `wayland-cursor.pc'
to the PKG_CONFIG_PATH environment variable
No package 'wayland-cursor' found
Package wayland-egl was not found in the pkg-config search path.
Perhaps you should add the directory containing `wayland-egl.pc'
to the PKG_CONFIG_PATH environment variable
No package 'wayland-egl' found
configure:23254: $? = 1
configure:23260: checking for WAYLAND_DEPENDENCIES
configure:23267: result: no
configure:23418: checking whether build environment is sane
configure:23473: result: yes
configure:23552: checking for BASE_DEPENDENCIES
configure:23559: $PKG_CONFIG --exists --print-errors "glib-2.0 >= 2.49.4    atk >= 2.15.1    pango >= 1.37.3    cairo >= 1.14.0    cairo-gobject >= 1.14.0    gdk-pixbuf-2.0 >= 2.30.0"
configure:23562: $? = 0
configure:23576: $PKG_CONFIG --exists --print-errors "glib-2.0 >= 2.49.4    atk >= 2.15.1    pango >= 1.37.3    cairo >= 1.14.0    cairo-gobject >= 1.14.0    gdk-pixbuf-2.0 >= 2.30.0"
configure:23579: $? = 0
configure:23637: result: yes
configure:23644: checking for CAIRO_BACKEND
configure:23651: $PKG_CONFIG --exists --print-errors "$cairo_backends"
Package cairo-xlib was not found in the pkg-config search path.
Perhaps you should add the directory containing `cairo-xlib.pc'
to the PKG_CONFIG_PATH environment variable
No package 'cairo-xlib' found
configure:23654: $? = 1
configure:23668: $PKG_CONFIG --exists --print-errors "$cairo_backends"
Package cairo-xlib was not found in the pkg-config search path.
Perhaps you should add the directory containing `cairo-xlib.pc'
to the PKG_CONFIG_PATH environment variable
No package 'cairo-xlib' found
configure:23671: $? = 1
configure:23685: result: no
No package 'cairo-xlib' found
configure:23701: error: Package requirements ( cairo-xlib) were not met:

No package 'cairo-xlib' found

Consider adjusting the PKG_CONFIG_PATH environment variable if you
installed software in a non-standard prefix.

Alternatively, you may set the environment variables CAIRO_BACKEND_CFLAGS
and CAIRO_BACKEND_LIBS to avoid the need to call pkg-config.
See the pkg-config man page for more details.

## ---------------- ##
## Cache variables. ##
## ---------------- ##

ac_cv_build=x86_64-apple-darwin15.6.0
ac_cv_build_prog_CPP='gcc -E'
ac_cv_build_prog_cc_g=yes
ac_cv_c_compiler_gnu=yes
ac_cv_cxx_compiler_gnu=yes
ac_cv_env_ATK_CFLAGS_set=
ac_cv_env_ATK_CFLAGS_value=
ac_cv_env_ATK_LIBS_set=
ac_cv_env_ATK_LIBS_value=
ac_cv_env_BASE_DEPENDENCIES_CFLAGS_set=
ac_cv_env_BASE_DEPENDENCIES_CFLAGS_value=
ac_cv_env_BASE_DEPENDENCIES_LIBS_set=
ac_cv_env_BASE_DEPENDENCIES_LIBS_value=
ac_cv_env_CAIRO_BACKEND_CFLAGS_set=
ac_cv_env_CAIRO_BACKEND_CFLAGS_value=
ac_cv_env_CAIRO_BACKEND_LIBS_set=
ac_cv_env_CAIRO_BACKEND_LIBS_value=
ac_cv_env_CAIRO_CFLAGS_set=
ac_cv_env_CAIRO_CFLAGS_value=
ac_cv_env_CAIRO_LIBS_set=
ac_cv_env_CAIRO_LIBS_value=
ac_cv_env_CCASFLAGS_set=
ac_cv_env_CCASFLAGS_value=
ac_cv_env_CCAS_set=
ac_cv_env_CCAS_value=
ac_cv_env_CCC_set=
ac_cv_env_CCC_value=
ac_cv_env_CC_set=
ac_cv_env_CC_value=
ac_cv_env_CFLAGS_set=
ac_cv_env_CFLAGS_value=
ac_cv_env_COLORD_CFLAGS_set=
ac_cv_env_COLORD_CFLAGS_value=
ac_cv_env_COLORD_LIBS_set=
ac_cv_env_COLORD_LIBS_value=
ac_cv_env_CPPFLAGS_set=
ac_cv_env_CPPFLAGS_value=
ac_cv_env_CPP_set=
ac_cv_env_CPP_value=
ac_cv_env_CXXCPP_set=
ac_cv_env_CXXCPP_value=
ac_cv_env_CXXFLAGS_set=
ac_cv_env_CXXFLAGS_value=
ac_cv_env_CXX_set=
ac_cv_env_CXX_value=
ac_cv_env_FONTDEMO_CFLAGS_set=
ac_cv_env_FONTDEMO_CFLAGS_value=
ac_cv_env_FONTDEMO_LIBS_set=
ac_cv_env_FONTDEMO_LIBS_value=
ac_cv_env_GDK_DEP_CFLAGS_set=
ac_cv_env_GDK_DEP_CFLAGS_value=
ac_cv_env_GDK_DEP_LIBS_set=
ac_cv_env_GDK_DEP_LIBS_value=
ac_cv_env_GMODULE_CFLAGS_set=
ac_cv_env_GMODULE_CFLAGS_value=
ac_cv_env_GMODULE_LIBS_set=
ac_cv_env_GMODULE_LIBS_value=
ac_cv_env_GTKDOC_DEPS_CFLAGS_set=
ac_cv_env_GTKDOC_DEPS_CFLAGS_value=
ac_cv_env_GTKDOC_DEPS_LIBS_set=
ac_cv_env_GTKDOC_DEPS_LIBS_value=
ac_cv_env_GTK_DEP_CFLAGS_set=
ac_cv_env_GTK_DEP_CFLAGS_value=
ac_cv_env_GTK_DEP_LIBS_set=
ac_cv_env_GTK_DEP_LIBS_value=
ac_cv_env_JSON_GLIB_CFLAGS_set=
ac_cv_env_JSON_GLIB_CFLAGS_value=
ac_cv_env_JSON_GLIB_LIBS_set=
ac_cv_env_JSON_GLIB_LIBS_value=
ac_cv_env_LDFLAGS_set=
ac_cv_env_LDFLAGS_value=
ac_cv_env_LIBS_set=
ac_cv_env_LIBS_value=
ac_cv_env_LT_SYS_LIBRARY_PATH_set=
ac_cv_env_LT_SYS_LIBRARY_PATH_value=
ac_cv_env_PKG_CONFIG_FOR_BUILD_set=
ac_cv_env_PKG_CONFIG_FOR_BUILD_value=
ac_cv_env_PKG_CONFIG_LIBDIR_set=
ac_cv_env_PKG_CONFIG_LIBDIR_value=
ac_cv_env_PKG_CONFIG_PATH_set=
ac_cv_env_PKG_CONFIG_PATH_value=
ac_cv_env_PKG_CONFIG_set=
ac_cv_env_PKG_CONFIG_value=
ac_cv_env_REST_CFLAGS_set=
ac_cv_env_REST_CFLAGS_value=
ac_cv_env_REST_LIBS_set=
ac_cv_env_REST_LIBS_value=
ac_cv_env_SASSC_set=
ac_cv_env_SASSC_value=
ac_cv_env_XMKMF_set=
ac_cv_env_XMKMF_value=
ac_cv_env_build_alias_set=
ac_cv_env_build_alias_value=
ac_cv_env_host_alias_set=
ac_cv_env_host_alias_value=
ac_cv_env_target_alias_set=
ac_cv_env_target_alias_value=
ac_cv_func__lock_file=no
ac_cv_func_flockfile=yes
ac_cv_func_posix_fallocate=no
ac_cv_header_dlfcn_h=yes
ac_cv_header_inttypes_h=yes
ac_cv_header_memory_h=yes
ac_cv_header_minix_config_h=no
ac_cv_header_stdc=yes
ac_cv_header_stdint_h=yes
ac_cv_header_stdlib_h=yes
ac_cv_header_string_h=yes
ac_cv_header_strings_h=yes
ac_cv_header_sys_stat_h=yes
ac_cv_header_sys_types_h=yes
ac_cv_header_unistd_h=yes
ac_cv_host=x86_64-apple-darwin15.6.0
ac_cv_lib_rt_shm_open=no
ac_cv_objext=o
ac_cv_path_EGREP='/usr/bin/grep -E'
ac_cv_path_FGREP='/usr/bin/grep -F'
ac_cv_path_GMSGFMT=:
ac_cv_path_GREP=/usr/bin/grep
ac_cv_path_MSGFMT=:
ac_cv_path_MSGMERGE=:
ac_cv_path_SED=/usr/bin/sed
ac_cv_path_WAYLAND_SCANNER=no
ac_cv_path_XGETTEXT=:
ac_cv_path_ac_pt_NM='/usr/bin/nm -B'
ac_cv_path_ac_pt_PKG_CONFIG=/Users/ldenblyd/.brew/bin/pkg-config
ac_cv_path_install='/usr/bin/install -c'
ac_cv_path_lt_DD=/bin/dd
ac_cv_prog_AWK=awk
ac_cv_prog_CPP='gcc -E'
ac_cv_prog_CXXCPP='c++ -E'
ac_cv_prog_ac_ct_AR=ar
ac_cv_prog_ac_ct_CC=gcc
ac_cv_prog_ac_ct_CC_FOR_BUILD=gcc
ac_cv_prog_ac_ct_CXX=c++
ac_cv_prog_ac_ct_DSYMUTIL=dsymutil
ac_cv_prog_ac_ct_LIPO=lipo
ac_cv_prog_ac_ct_NMEDIT=nmedit
ac_cv_prog_ac_ct_OTOOL=otool
ac_cv_prog_ac_ct_RANLIB=ranlib
ac_cv_prog_ac_ct_STRIP=strip
ac_cv_prog_cc_c89=
ac_cv_prog_cc_g=yes
ac_cv_prog_cc_gcc_c_o=yes
ac_cv_prog_cxx_g=yes
ac_cv_prog_make_make_set=yes
ac_cv_safe_to_define___extensions__=yes
ac_cv_sys_file_offset_bits=no
ac_cv_sys_largefile_CC=no
acl_cv_hardcode_direct=no
acl_cv_hardcode_libdir_flag_spec=
acl_cv_hardcode_libdir_separator=
acl_cv_hardcode_minus_L=no
acl_cv_libext=a
acl_cv_libname_spec='lib$name'
acl_cv_library_names_spec='$libname$shrext'
acl_cv_path_LD=/Applications/Xcode.app/Contents/Developer/Toolchains/XcodeDefault.xctoolchain/usr/bin/ld
acl_cv_prog_gnu_ld=no
acl_cv_rpath=done
acl_cv_shlibext=dylib
acl_cv_wl=-Wl,
am_cv_CCAS_dependencies_compiler_type=gcc3
am_cv_CC_dependencies_compiler_type=gcc3
am_cv_CXX_dependencies_compiler_type=gcc3
am_cv_func_iconv=yes
am_cv_func_iconv_works=yes
am_cv_lib_iconv=yes
am_cv_make_support_nested_variables=yes
am_cv_prog_cc_c_o=yes
am_cv_prog_tar_ustar=gnutar
gt_cv_func_CFLocaleCopyCurrent=yes
gt_cv_func_CFPreferencesCopyAppValue=yes
gt_cv_func_gnugettext1_libc=no
gt_cv_func_gnugettext1_libintl=no
lt_cv_apple_cc_single_mod=yes
lt_cv_ar_at_file=no
lt_cv_deplibs_check_method=pass_all
lt_cv_file_magic_cmd='$MAGIC_CMD'
lt_cv_file_magic_test_file=
lt_cv_ld_exported_symbols_list=yes
lt_cv_ld_force_load=yes
lt_cv_ld_reload_flag=-r
lt_cv_nm_interface='BSD nm'
lt_cv_objdir=.libs
lt_cv_path_LD=/Applications/Xcode.app/Contents/Developer/Toolchains/XcodeDefault.xctoolchain/usr/bin/ld
lt_cv_path_LDCXX=/Applications/Xcode.app/Contents/Developer/Toolchains/XcodeDefault.xctoolchain/usr/bin/ld
lt_cv_path_NM='/usr/bin/nm -B'
lt_cv_path_mainfest_tool=no
lt_cv_prog_compiler_c_o=yes
lt_cv_prog_compiler_c_o_CXX=yes
lt_cv_prog_compiler_pic='-fno-common -DPIC'
lt_cv_prog_compiler_pic_CXX='-fno-common -DPIC'
lt_cv_prog_compiler_pic_works=yes
lt_cv_prog_compiler_pic_works_CXX=yes
lt_cv_prog_compiler_rtti_exceptions=yes
lt_cv_prog_compiler_static_works=no
lt_cv_prog_compiler_static_works_CXX=no
lt_cv_prog_gnu_ld=no
lt_cv_prog_gnu_ldcxx=no
lt_cv_sharedlib_from_linklib_cmd='printf %s\n'
lt_cv_sys_global_symbol_pipe='sed -n -e '\''s/^.*[	 ]\([BCDEGRST][BCDEGRST]*\)[	 ][	 ]*_\([_A-Za-z][_A-Za-z0-9]*\)$/\1 _\2 \2/p'\'' | sed '\''/ __gnu_lto/d'\'''
lt_cv_sys_global_symbol_to_c_name_address='sed -n -e '\''s/^: \(.*\) .*$/  {"\1", (void *) 0},/p'\'' -e '\''s/^[BCDEGRST][BCDEGRST]* .* \(.*\)$/  {"\1", (void *) \&\1},/p'\'''
lt_cv_sys_global_symbol_to_c_name_address_lib_prefix='sed -n -e '\''s/^: \(.*\) .*$/  {"\1", (void *) 0},/p'\'' -e '\''s/^[BCDEGRST][BCDEGRST]* .* \(lib.*\)$/  {"\1", (void *) \&\1},/p'\'' -e '\''s/^[BCDEGRST][BCDEGRST]* .* \(.*\)$/  {"lib\1", (void *) \&\1},/p'\'''
lt_cv_sys_global_symbol_to_cdecl='sed -n -e '\''s/^T .* \(.*\)$/extern int \1();/p'\'' -e '\''s/^[BCDEGRST][BCDEGRST]* .* \(.*\)$/extern char \1;/p'\'''
lt_cv_sys_global_symbol_to_import=
lt_cv_sys_max_cmd_len=196608
lt_cv_to_host_file_cmd=func_convert_file_noop
lt_cv_to_tool_file_cmd=func_convert_file_noop
lt_cv_truncate_bin='/bin/dd bs=4096 count=1'
pkg_cv_BASE_DEPENDENCIES_CFLAGS='-D_REENTRANT -I/Users/ldenblyd/.brew/Cellar/atk/2.24.0/include/atk-1.0 -I/Users/ldenblyd/.brew/Cellar/pango/1.40.11/include/pango-1.0 -I/Users/ldenblyd/.brew/Cellar/cairo/1.14.10/include/cairo -I/Users/ldenblyd/.brew/Cellar/pixman/0.34.0_1/include/pixman-1 -I/Users/ldenblyd/.brew/Cellar/fontconfig/2.12.4/include -I/Users/ldenblyd/.brew/opt/freetype/include/freetype2 -I/Users/ldenblyd/.brew/Cellar/libpng/1.6.32/include/libpng16 -I/Users/ldenblyd/.brew/Cellar/gdk-pixbuf/2.36.9/include/gdk-pixbuf-2.0 -I/Users/ldenblyd/.brew/Cellar/libpng/1.6.32/include/libpng16 -I/Users/ldenblyd/.brew/Cellar/glib/2.52.3/include/glib-2.0 -I/Users/ldenblyd/.brew/Cellar/glib/2.52.3/lib/glib-2.0/include -I/Users/ldenblyd/.brew/opt/gettext/include -I/Users/ldenblyd/.brew/Cellar/pcre/8.41/include'
pkg_cv_BASE_DEPENDENCIES_LIBS='-L/Users/ldenblyd/.brew/Cellar/atk/2.24.0/lib -L/Users/ldenblyd/.brew/Cellar/pango/1.40.11/lib -L/Users/ldenblyd/.brew/Cellar/cairo/1.14.10/lib -L/Users/ldenblyd/.brew/Cellar/gdk-pixbuf/2.36.9/lib -L/Users/ldenblyd/.brew/Cellar/glib/2.52.3/lib -L/Users/ldenblyd/.brew/opt/gettext/lib -latk-1.0 -lpango-1.0 -lcairo-gobject -lcairo -lgdk_pixbuf-2.0 -lgobject-2.0 -lglib-2.0 -lintl -Wl,-framework -Wl,CoreFoundation'

## ----------------- ##
## Output variables. ##
## ----------------- ##

ACLOCAL='${SHELL} /Users/ldenblyd/Documents/42/rt/gtk/lib/gtk+-3.22.18/build-aux/missing aclocal-1.15'
AMDEPBACKSLASH='\'
AMDEP_FALSE='#'
AMDEP_TRUE=''
AMTAR='$${TAR-tar}'
AM_BACKSLASH='\'
AM_DEFAULT_V='$(AM_DEFAULT_VERBOSITY)'
AM_DEFAULT_VERBOSITY='0'
AM_V='$(V)'
AR='ar'
AS='as'
ATK_CFLAGS=''
ATK_LIBS=''
ATK_PREFIX=''
ATK_REQUIRED_VERSION='2.15.1'
AUTOCONF='${SHELL} /Users/ldenblyd/Documents/42/rt/gtk/lib/gtk+-3.22.18/build-aux/missing autoconf'
AUTOHEADER='${SHELL} /Users/ldenblyd/Documents/42/rt/gtk/lib/gtk+-3.22.18/build-aux/missing autoheader'
AUTOMAKE='${SHELL} /Users/ldenblyd/Documents/42/rt/gtk/lib/gtk+-3.22.18/build-aux/missing automake-1.15'
AWK='awk'
BASE_DEPENDENCIES_CFLAGS='-D_REENTRANT -I/Users/ldenblyd/.brew/Cellar/atk/2.24.0/include/atk-1.0 -I/Users/ldenblyd/.brew/Cellar/pango/1.40.11/include/pango-1.0 -I/Users/ldenblyd/.brew/Cellar/cairo/1.14.10/include/cairo -I/Users/ldenblyd/.brew/Cellar/pixman/0.34.0_1/include/pixman-1 -I/Users/ldenblyd/.brew/Cellar/fontconfig/2.12.4/include -I/Users/ldenblyd/.brew/opt/freetype/include/freetype2 -I/Users/ldenblyd/.brew/Cellar/libpng/1.6.32/include/libpng16 -I/Users/ldenblyd/.brew/Cellar/gdk-pixbuf/2.36.9/include/gdk-pixbuf-2.0 -I/Users/ldenblyd/.brew/Cellar/libpng/1.6.32/include/libpng16 -I/Users/ldenblyd/.brew/Cellar/glib/2.52.3/include/glib-2.0 -I/Users/ldenblyd/.brew/Cellar/glib/2.52.3/lib/glib-2.0/include -I/Users/ldenblyd/.brew/opt/gettext/include -I/Users/ldenblyd/.brew/Cellar/pcre/8.41/include'
BASE_DEPENDENCIES_LIBS='-L/Users/ldenblyd/.brew/Cellar/atk/2.24.0/lib -L/Users/ldenblyd/.brew/Cellar/pango/1.40.11/lib -L/Users/ldenblyd/.brew/Cellar/cairo/1.14.10/lib -L/Users/ldenblyd/.brew/Cellar/gdk-pixbuf/2.36.9/lib -L/Users/ldenblyd/.brew/Cellar/glib/2.52.3/lib -L/Users/ldenblyd/.brew/opt/gettext/lib -latk-1.0 -lpango-1.0 -lcairo-gobject -lcairo -lgdk_pixbuf-2.0 -lgobject-2.0 -lglib-2.0 -lintl -Wl,-framework -Wl,CoreFoundation'
BUILDOPT_INSTALL_TESTS_FALSE=''
BUILDOPT_INSTALL_TESTS_TRUE='#'
BUILD_DYNAMIC_MODULES_FALSE=''
BUILD_DYNAMIC_MODULES_TRUE=''
BUILD_EXEEXT=''
BUILD_FONT_DEMO_FALSE=''
BUILD_FONT_DEMO_TRUE=''
BUILD_OBJEXT=''
CAIRO_BACKEND_CFLAGS=''
CAIRO_BACKEND_LIBS=''
CAIRO_CFLAGS=''
CAIRO_LIBS=''
CAIRO_PREFIX=''
CAIRO_REQUIRED_VERSION='1.14.0'
CC='gcc'
CCAS='gcc'
CCASDEPMODE='depmode=gcc3'
CCASFLAGS='-g -O2'
CCDEPMODE='depmode=gcc3'
CC_FOR_BUILD='gcc'
CFLAGS='-g -O2 -Wall'
CFLAGS_FOR_BUILD='-g -O2'
COLORD_CFLAGS=''
COLORD_LIBS=''
CPP='gcc -E'
CPPFLAGS=''
CPPFLAGS_FOR_BUILD=''
CPP_FOR_BUILD='gcc -E'
CROSS_COMPILING_FALSE=''
CROSS_COMPILING_TRUE=''
CUPS_API_MAJOR=''
CUPS_API_MINOR=''
CUPS_CFLAGS=''
CUPS_CONFIG=''
CUPS_LIBS=''
CXX='c++'
CXXCPP='c++ -E'
CXXDEPMODE='depmode=gcc3'
CXXFLAGS='-g -O2'
CYGPATH_W='echo'
DEFS=''
DEPDIR='.deps'
DISABLE_EXPLICIT_DEPS_FALSE=''
DISABLE_EXPLICIT_DEPS_TRUE=''
DISABLE_ON_QUARTZ=''
DISABLE_ON_W32=''
DLLTOOL='false'
DSYMUTIL='dsymutil'
DUMPBIN=''
ECHO_C='\c'
ECHO_N=''
ECHO_T=''
EGREP='/usr/bin/grep -E'
ENABLE_DOC_CROSS_REFERENCES_FALSE=''
ENABLE_DOC_CROSS_REFERENCES_TRUE=''
ENABLE_GTK_DOC_FALSE=''
ENABLE_GTK_DOC_TRUE=''
ENABLE_MAN_FALSE=''
ENABLE_MAN_TRUE=''
ENABLE_ON_X11=''
EXEEXT=''
EXE_MANIFEST_ARCHITECTURE='X86'
FGREP='/usr/bin/grep -F'
FONTDEMO_CFLAGS=''
FONTDEMO_LIBS=''
GAIL_INET_LIBS=''
GAIL_LT_CURRENT_MINUS_AGE='0'
GAIL_LT_VERSION_INFO='0:0:0'
GDK_BACKENDS='x11'
GDK_DEP_CFLAGS=''
GDK_DEP_LIBS=''
GDK_EXTRA_CFLAGS=''
GDK_EXTRA_LIBS=''
GDK_HIDDEN_VISIBILITY_CFLAGS=''
GDK_PACKAGES=''
GDK_PIXBUF_LIBS=''
GDK_PIXBUF_REQUIRED_VERSION='2.30.0'
GDK_PRIVATE_PACKAGES=''
GETTEXT_MACRO_VERSION='0.19'
GETTEXT_PACKAGE='gtk30'
GLIB_CFLAGS=''
GLIB_CFLAGS_FOR_BUILD=''
GLIB_COMPILE_RESOURCES=''
GLIB_COMPILE_SCHEMAS=''
GLIB_GENMARSHAL=''
GLIB_LIBS=''
GLIB_LIBS_FOR_BUILD=''
GLIB_MKENUMS=''
GLIB_PREFIX=''
GLIB_REQUIRED_VERSION='2.49.4'
GMODULE_CFLAGS=''
GMODULE_LIBS=''
GMSGFMT=':'
GMSGFMT_015=':'
GOBJECT_QUERY=''
GREP='/usr/bin/grep'
GSETTINGS_DISABLE_SCHEMAS_COMPILE=''
GSETTINGS_RULES=''
GTKDOC_CHECK=''
GTKDOC_CHECK_PATH=''
GTKDOC_DEPS_CFLAGS=''
GTKDOC_DEPS_LIBS=''
GTKDOC_MKPDF=''
GTKDOC_REBASE=''
GTK_API_VERSION='3.0'
GTK_BINARY_AGE='2218'
GTK_BINARY_VERSION='3.0.0'
GTK_DEBUG_FLAGS='-DG_ENABLE_DEBUG -DG_DISABLE_CAST_CHECKS -DGLIB_MIN_REQUIRED_VERSION=GLIB_VERSION_2_48 -DGLIB_MAX_ALLOWED_VERSION=GLIB_VERSION_2_50'
GTK_DEP_CFLAGS=''
GTK_DEP_LIBS=''
GTK_DOC_BUILD_HTML_FALSE=''
GTK_DOC_BUILD_HTML_TRUE=''
GTK_DOC_BUILD_PDF_FALSE=''
GTK_DOC_BUILD_PDF_TRUE=''
GTK_DOC_USE_LIBTOOL_FALSE=''
GTK_DOC_USE_LIBTOOL_TRUE=''
GTK_DOC_USE_REBASE_FALSE=''
GTK_DOC_USE_REBASE_TRUE=''
GTK_EXTRA_CFLAGS=''
GTK_EXTRA_LIBS=''
GTK_INTERFACE_AGE='18'
GTK_LINK_FLAGS=''
GTK_MAJOR_VERSION='3'
GTK_MICRO_VERSION='18'
GTK_MINOR_VERSION='22'
GTK_PACKAGES=''
GTK_PRINT_BACKENDS=''
GTK_PRIVATE_PACKAGES=''
GTK_VERSION='3.22.18'
GTK_XIM_FLAGS=''
HAVE_CLOUDPRINT_FALSE=''
HAVE_CLOUDPRINT_TRUE=''
HAVE_COLORD_FALSE=''
HAVE_COLORD_TRUE=''
HAVE_CUPS_FALSE=''
HAVE_CUPS_TRUE=''
HAVE_CXX_FALSE='#'
HAVE_CXX_TRUE=''
HAVE_GTK_DOC_FALSE=''
HAVE_GTK_DOC_TRUE=''
HAVE_HTTP_AUTHSTRING=''
HAVE_INCLUDED_IMMMODULES_FALSE=''
HAVE_INCLUDED_IMMMODULES_TRUE=''
HAVE_INTROSPECTION_FALSE=''
HAVE_INTROSPECTION_TRUE=''
HAVE_OBJC_FALSE='#'
HAVE_OBJC_TRUE=''
HAVE_PAPI_FALSE=''
HAVE_PAPI_TRUE=''
HTML_DIR=''
INCLUDED_IMMODULE_DEFINE=''
INCLUDED_IMMODULE_OBJ=''
INCLUDE_IM_AM_ET_FALSE=''
INCLUDE_IM_AM_ET_TRUE=''
INCLUDE_IM_BROADWAY_FALSE=''
INCLUDE_IM_BROADWAY_TRUE=''
INCLUDE_IM_CEDILLA_FALSE=''
INCLUDE_IM_CEDILLA_TRUE=''
INCLUDE_IM_CYRILLIC_TRANSLIT_FALSE=''
INCLUDE_IM_CYRILLIC_TRANSLIT_TRUE=''
INCLUDE_IM_IME_FALSE=''
INCLUDE_IM_IME_TRUE=''
INCLUDE_IM_INUKTITUT_FALSE=''
INCLUDE_IM_INUKTITUT_TRUE=''
INCLUDE_IM_IPA_FALSE=''
INCLUDE_IM_IPA_TRUE=''
INCLUDE_IM_MULTIPRESS_FALSE=''
INCLUDE_IM_MULTIPRESS_TRUE=''
INCLUDE_IM_QUARTZ_FALSE=''
INCLUDE_IM_QUARTZ_TRUE=''
INCLUDE_IM_THAI_FALSE=''
INCLUDE_IM_THAI_TRUE=''
INCLUDE_IM_TI_ER_FALSE=''
INCLUDE_IM_TI_ER_TRUE=''
INCLUDE_IM_TI_ET_FALSE=''
INCLUDE_IM_TI_ET_TRUE=''
INCLUDE_IM_VIQR_FALSE=''
INCLUDE_IM_VIQR_TRUE=''
INCLUDE_IM_XIM_FALSE=''
INCLUDE_IM_XIM_TRUE=''
INSTALL_DATA='${INSTALL} -m 644'
INSTALL_PROGRAM='${INSTALL}'
INSTALL_SCRIPT='${INSTALL}'
INSTALL_STRIP_PROGRAM='$(install_sh) -c -s'
INTLLIBS=''
INTL_MACOSX_LIBS='-Wl,-framework -Wl,CoreFoundation'
INTROSPECTION_CFLAGS=''
INTROSPECTION_COMPILER=''
INTROSPECTION_GENERATE=''
INTROSPECTION_GIRDIR=''
INTROSPECTION_LIBS=''
INTROSPECTION_MAKEFILE=''
INTROSPECTION_REQUIRED_VERSION='1.39.0'
INTROSPECTION_SCANNER=''
INTROSPECTION_TYPELIBDIR=''
JSON_GLIB_CFLAGS=''
JSON_GLIB_LIBS=''
LD='/Applications/Xcode.app/Contents/Developer/Toolchains/XcodeDefault.xctoolchain/usr/bin/ld'
LDFLAGS=''
LDFLAGS_FOR_BUILD=''
LIBICONV='-liconv'
LIBINTL=''
LIBOBJS=''
LIBS=''
LIBTOOL='$(SHELL) $(top_builddir)/libtool'
LIB_EXE_MACHINE_FLAG='X86'
LIPO='lipo'
LN_S='ln -s'
LTLIBICONV='-liconv'
LTLIBINTL=''
LTLIBOBJS=''
LT_CURRENT_MINUS_AGE='0'
LT_SYS_LIBRARY_PATH=''
LT_VERSION_INFO='2200:18:2200'
MAINT=''
MAINTAINER_MODE_FALSE='#'
MAINTAINER_MODE_TRUE=''
MAKEINFO='${SHELL} /Users/ldenblyd/Documents/42/rt/gtk/lib/gtk+-3.22.18/build-aux/missing makeinfo'
MANIFEST_TOOL=':'
MATH_LIB='-lm'
MKDIR_P='build-aux/install-sh -c -d'
MSGFMT=':'
MSGFMT_015=':'
MSGMERGE=':'
MSVC_BASE_NO_TOOLSET_SET_FALSE=''
MSVC_BASE_NO_TOOLSET_SET_TRUE=''
MSVC_NO_TOOLSET_SET_FALSE=''
MSVC_NO_TOOLSET_SET_TRUE=''
MS_LIB_AVAILABLE_FALSE=''
MS_LIB_AVAILABLE_TRUE='#'
NM='/usr/bin/nm -B'
NMEDIT='nmedit'
OBJDUMP='false'
OBJEXT='o'
OS_DARWIN_FALSE='#'
OS_DARWIN_TRUE=''
OS_LINUX_FALSE=''
OS_LINUX_TRUE='#'
OS_UNIX_FALSE='#'
OS_UNIX_TRUE=''
OS_WIN32_FALSE=''
OS_WIN32_TRUE='#'
OTOOL64=':'
OTOOL='otool'
PACKAGE='gtk+'
PACKAGE_BUGREPORT='http://bugzilla.gnome.org/enter_bug.cgi?product=gtk%2B'
PACKAGE_NAME='gtk+'
PACKAGE_STRING='gtk+ 3.22.18'
PACKAGE_TARNAME='gtk+'
PACKAGE_URL=''
PACKAGE_VERSION='3.22.18'
PANGO_PREFIX=''
PANGO_REQUIRED_VERSION='1.37.3'
PATH_SEPARATOR=':'
PERL=''
PKG_CONFIG='/Users/ldenblyd/.brew/bin/pkg-config'
PKG_CONFIG_FOR_BUILD=''
PKG_CONFIG_LIBDIR=''
PKG_CONFIG_PATH=''
PLATFORM_WIN32_FALSE=''
PLATFORM_WIN32_TRUE='#'
POSUB=''
RANLIB='ranlib'
REBUILD_SCSS_FALSE=''
REBUILD_SCSS_TRUE=''
REST_CFLAGS=''
REST_LIBS=''
SASSC=''
SED='/usr/bin/sed'
SET_MAKE=''
SHELL='/bin/sh'
SHM_LIBS=''
STRIP='strip'
TEST_PRINT_BACKEND_FALSE=''
TEST_PRINT_BACKEND_TRUE=''
USE_BROADWAY_FALSE=''
USE_BROADWAY_TRUE='#'
USE_MIR_FALSE=''
USE_MIR_TRUE='#'
USE_NLS='no'
USE_QUARTZ_FALSE=''
USE_QUARTZ_TRUE='#'
USE_WAYLAND_FALSE=''
USE_WAYLAND_TRUE='#'
USE_WIN32_FALSE=''
USE_WIN32_TRUE='#'
USE_X11_FALSE=''
USE_X11_TRUE=''
VERSION='3.22.18'
WAYLAND_PROTOCOLS_DATADIR=''
WAYLAND_SCANNER='no'
WINDRES=''
X11_PREFIX=''
XGETTEXT=':'
XGETTEXT_015=':'
XGETTEXT_EXTRA_OPTIONS=''
XMKMF=''
XMLCATALOG=''
XML_CATALOG_FILE=''
XSLTPROC=''
X_CFLAGS=''
X_EXTRA_LIBS=''
X_LIBS=''
X_PRE_LIBS=''
ac_ct_AR='ar'
ac_ct_CC='gcc'
ac_ct_CC_FOR_BUILD='gcc'
ac_ct_CXX='c++'
ac_ct_DUMPBIN=''
am__EXEEXT_FALSE=''
am__EXEEXT_TRUE=''
am__fastdepCCAS_FALSE='#'
am__fastdepCCAS_TRUE=''
am__fastdepCC_FALSE='#'
am__fastdepCC_TRUE=''
am__fastdepCXX_FALSE='#'
am__fastdepCXX_TRUE=''
am__include='include'
am__isrc=''
am__leading_dot='.'
am__nodep='_no'
am__quote=''
am__tar='tar --format=ustar -chf - "$$tardir"'
am__untar='tar -xf -'
bindir='${exec_prefix}/bin'
build='x86_64-apple-darwin15.6.0'
build_alias=''
build_cpu='x86_64'
build_os='darwin15.6.0'
build_vendor='apple'
datadir='${datarootdir}'
datarootdir='${prefix}/share'
docdir='${datarootdir}/doc/${PACKAGE_TARNAME}'
dvidir='${docdir}'
exec_prefix='NONE'
gsettingsschemadir=''
host='x86_64-apple-darwin15.6.0'
host_alias=''
host_cpu='x86_64'
host_os='darwin15.6.0'
host_vendor='apple'
htmldir='${docdir}'
includedir='${prefix}/include'
infodir='${datarootdir}/info'
install_sh='${SHELL} /Users/ldenblyd/Documents/42/rt/gtk/lib/gtk+-3.22.18/build-aux/install-sh'
libdir='${exec_prefix}/lib'
libexecdir='${exec_prefix}/libexec'
localedir='${datarootdir}/locale'
localstatedir='${prefix}/var'
mandir='${datarootdir}/man'
mkdir_p='$(MKDIR_P)'
ms_librarian=''
oldincludedir='/usr/include'
pdfdir='${docdir}'
prefix='/Users/ldenblyd/Documents/42/rt/gtk/lib/gtk+-3.22.18'
program_transform_name='s,x,x,'
psdir='${docdir}'
sbindir='${exec_prefix}/sbin'
sharedstatedir='${prefix}/com'
sysconfdir='${prefix}/etc'
target_alias=''

## ----------- ##
## confdefs.h. ##
## ----------- ##

/* confdefs.h */
#define PACKAGE_NAME "gtk+"
#define PACKAGE_TARNAME "gtk+"
#define PACKAGE_VERSION "3.22.18"
#define PACKAGE_STRING "gtk+ 3.22.18"
#define PACKAGE_BUGREPORT "http://bugzilla.gnome.org/enter_bug.cgi?product=gtk%2B"
#define PACKAGE_URL ""
#define STDC_HEADERS 1
#define HAVE_SYS_TYPES_H 1
#define HAVE_SYS_STAT_H 1
#define HAVE_STDLIB_H 1
#define HAVE_STRING_H 1
#define HAVE_MEMORY_H 1
#define HAVE_STRINGS_H 1
#define HAVE_INTTYPES_H 1
#define HAVE_STDINT_H 1
#define HAVE_UNISTD_H 1
#define __EXTENSIONS__ 1
#define _ALL_SOURCE 1
#define _GNU_SOURCE 1
#define _POSIX_PTHREAD_SEMANTICS 1
#define _TANDEM_SOURCE 1
#define HAVE_CFPREFERENCESCOPYAPPVALUE 1
#define HAVE_CFLOCALECOPYCURRENT 1
#define HAVE_ICONV 1
#define GETTEXT_PACKAGE "gtk30"
#define HAVE_DLFCN_H 1
#define LT_OBJDIR ".libs/"
#define HAVE_FLOCKFILE 1

configure: exit 1
